<?xml version="1.0" encoding="UTF-8"?>
<!-- Generated by org.testng.reporters.JUnitReportReporter -->
<testsuite hostname="DESKTOP-0AHFAK0" failures="0" tests="2" name="org.validation.Wyo" time="17.724" errors="0" timestamp="2025-01-15T09:49:15 IST" skipped="0">
  <testcase classname="org.validation.Wyo" name="homePage" time="9.962"/>
  <system-out/>
  <testcase classname="org.validation.Wyo" name="registerPage" time="7.762"/>
  <system-out/>
</testsuite> <!-- org.validation.Wyo -->
