<?xml version="1.0" encoding="UTF-8"?>
<!-- Generated by org.testng.reporters.JUnitReportReporter -->
<testsuite hostname="DESKTOP-0AHFAK0" failures="0" tests="2" name="org.validation.Wyo" time="18.099" errors="0" timestamp="2025-01-02T14:47:24 IST" skipped="0">
  <testcase classname="org.validation.Wyo" name="homePage" time="11.306"/>
  <system-out/>
  <testcase classname="org.validation.Wyo" name="registerPage" time="6.793"/>
  <system-out/>
</testsuite> <!-- org.validation.Wyo -->
